Unity Editor version:    2021.3.13f1 (9e7d58001ecf)
Branch:                  2021.3/staging
Build type:              Release
Batch mode:              YES
macOS version:           Version 13.0.1 (Build 22A400)
Darwin version:          22.1.0
Architecture:            arm64
Running under Rosetta:   NO
Available memory:        8192 MB
Using pre-set license
Pro License: YES

COMMAND LINE ARGUMENTS:
/Applications/Unity/Hub/Editor/2021.3.13f1/Unity.app/Contents/MacOS/Unity
-adb2
-batchMode
-noUpm
-name
AssetImportWorker0
-projectPath
/Users/dannytj/Documents/robotSimulator/DigitalTwins
-logFile
Logs/AssetImportWorker0.log
-srvPort
65517
Successfully changed project path to: /Users/dannytj/Documents/robotSimulator/DigitalTwins
/Users/dannytj/Documents/robotSimulator/DigitalTwins
[UnityMemory] Configuration Parameters - Can be set up in boot.config
    "memorysetup-bucket-allocator-granularity=16"
    "memorysetup-bucket-allocator-bucket-count=8"
    "memorysetup-bucket-allocator-block-size=33554432"
    "memorysetup-bucket-allocator-block-count=8"
    "memorysetup-main-allocator-block-size=16777216"
    "memorysetup-thread-allocator-block-size=16777216"
    "memorysetup-gfx-main-allocator-block-size=16777216"
    "memorysetup-gfx-thread-allocator-block-size=16777216"
    "memorysetup-cache-allocator-block-size=4194304"
    "memorysetup-typetree-allocator-block-size=2097152"
    "memorysetup-profiler-bucket-allocator-granularity=16"
    "memorysetup-profiler-bucket-allocator-bucket-count=8"
    "memorysetup-profiler-bucket-allocator-block-size=33554432"
    "memorysetup-profiler-bucket-allocator-block-count=8"
    "memorysetup-profiler-allocator-block-size=16777216"
    "memorysetup-profiler-editor-allocator-block-size=1048576"
    "memorysetup-temp-allocator-size-main=16777216"
    "memorysetup-job-temp-allocator-block-size=2097152"
    "memorysetup-job-temp-allocator-block-size-background=1048576"
    "memorysetup-job-temp-allocator-reduction-small-platforms=262144"
    "memorysetup-temp-allocator-size-background-worker=32768"
    "memorysetup-temp-allocator-size-job-worker=262144"
    "memorysetup-temp-allocator-size-preload-manager=33554432"
    "memorysetup-temp-allocator-size-nav-mesh-worker=65536"
    "memorysetup-temp-allocator-size-audio-worker=65536"
    "memorysetup-temp-allocator-size-cloud-worker=32768"
    "memorysetup-temp-allocator-size-gi-baking-worker=262144"
    "memorysetup-temp-allocator-size-gfx=262144"
Refreshing native plugins compatible for Editor in 73.10 ms, found 3 plugins.
Preloading 0 native plugins for Editor in 0.00 ms.
Initialize engine version: 2021.3.13f1 (9e7d58001ecf)
[Subsystems] Discovering subsystems at path /Applications/Unity/Hub/Editor/2021.3.13f1/Unity.app/Contents/Resources/UnitySubsystems
[Subsystems] Discovering subsystems at path /Users/dannytj/Documents/robotSimulator/DigitalTwins/Assets
GfxDevice: creating device client; threaded=0; jobified=0
 preferred device: Apple M1 (high power)
Metal devices available: 1
0: Apple M1 (high power)
Using device Apple M1 (high power)
Initializing Metal device caps: Apple M1
Initialize mono
Mono path[0] = '/Applications/Unity/Hub/Editor/2021.3.13f1/Unity.app/Contents/Managed'
Mono path[1] = '/Applications/Unity/Hub/Editor/2021.3.13f1/Unity.app/Contents/MonoBleedingEdge/lib/mono/unityjit-macos'
Mono config path = '/Applications/Unity/Hub/Editor/2021.3.13f1/Unity.app/Contents/MonoBleedingEdge/etc'
Using monoOptions --debugger-agent=transport=dt_socket,embedding=1,server=y,suspend=n,address=127.0.0.1:56536
Begin MonoManager ReloadAssembly
Registering precompiled unity dll's ...
Register platform support module: /Applications/Unity/Hub/Editor/2021.3.13f1/Unity.app/Contents/PlaybackEngines/MacStandaloneSupport/UnityEditor.OSXStandalone.Extensions.dll
Registered in 0.002165 seconds.
Native extension for OSXStandalone target not found
Refreshing native plugins compatible for Editor in 73.13 ms, found 3 plugins.
Preloading 0 native plugins for Editor in 0.00 ms.
Mono: successfully reloaded assembly
- Completed reload, in  0.397 seconds
Domain Reload Profiling:
	ReloadAssembly (397ms)
		BeginReloadAssembly (65ms)
			ExecutionOrderSort (0ms)
			DisableScriptedObjects (0ms)
			BackupInstance (0ms)
			ReleaseScriptingObjects (0ms)
			CreateAndSetChildDomain (0ms)
		EndReloadAssembly (273ms)
			LoadAssemblies (65ms)
			RebuildTransferFunctionScriptingTraits (0ms)
			SetupTypeCache (58ms)
			ReleaseScriptCaches (0ms)
			RebuildScriptCaches (18ms)
			SetupLoadedEditorAssemblies (172ms)
				LogAssemblyErrors (0ms)
				InitializePlatformSupportModulesInManaged (3ms)
				SetLoadedEditorAssemblies (0ms)
				RefreshPlugins (73ms)
				BeforeProcessingInitializeOnLoad (1ms)
				ProcessInitializeOnLoadAttributes (74ms)
				ProcessInitializeOnLoadMethodAttributes (22ms)
				AfterProcessingInitializeOnLoad (0ms)
				EditorAssembliesLoaded (0ms)
			ExecutionOrderSort2 (0ms)
			AwakeInstancesAfterBackupRestoration (0ms)
Platform modules already initialized, skipping
Registering precompiled user dll's ...
Registered in 0.002907 seconds.
Begin MonoManager ReloadAssembly
Symbol file LoadedFromMemory doesn't match image /Users/dannytj/Documents/robotSimulator/DigitalTwins/Library/PackageCache/com.unity.visualscripting@1.7.8/Editor/VisualScripting.Core/Dependencies/YamlDotNet/Unity.VisualScripting.YamlDotNet.dll
Symbol file LoadedFromMemory doesn't match image /Users/dannytj/Documents/robotSimulator/DigitalTwins/Library/PackageCache/com.unity.visualscripting@1.7.8/Editor/VisualScripting.Core/Dependencies/DotNetZip/Unity.VisualScripting.IonicZip.dll
Native extension for OSXStandalone target not found
Refreshing native plugins compatible for Editor in 72.55 ms, found 3 plugins.
Preloading 0 native plugins for Editor in 0.00 ms.
Mono: successfully reloaded assembly
- Completed reload, in  0.648 seconds
Domain Reload Profiling:
	ReloadAssembly (649ms)
		BeginReloadAssembly (48ms)
			ExecutionOrderSort (0ms)
			DisableScriptedObjects (3ms)
			BackupInstance (0ms)
			ReleaseScriptingObjects (0ms)
			CreateAndSetChildDomain (9ms)
		EndReloadAssembly (536ms)
			LoadAssemblies (49ms)
			RebuildTransferFunctionScriptingTraits (0ms)
			SetupTypeCache (149ms)
			ReleaseScriptCaches (0ms)
			RebuildScriptCaches (32ms)
			SetupLoadedEditorAssemblies (282ms)
				LogAssemblyErrors (0ms)
				InitializePlatformSupportModulesInManaged (1ms)
				SetLoadedEditorAssemblies (0ms)
				RefreshPlugins (73ms)
				BeforeProcessingInitializeOnLoad (62ms)
				ProcessInitializeOnLoadAttributes (121ms)
				ProcessInitializeOnLoadMethodAttributes (23ms)
				AfterProcessingInitializeOnLoad (1ms)
				EditorAssembliesLoaded (0ms)
			ExecutionOrderSort2 (0ms)
			AwakeInstancesAfterBackupRestoration (2ms)
Platform modules already initialized, skipping
========================================================================
Worker process is ready to serve import requests
Launching external process: /Applications/Unity/Hub/Editor/2021.3.13f1/Unity.app/Contents/Tools/UnityShaderCompiler
Launched and connected shader compiler UnityShaderCompiler after 0.05 seconds
Refreshing native plugins compatible for Editor in 0.39 ms, found 3 plugins.
Preloading 0 native plugins for Editor in 0.00 ms.
Unloading 3689 Unused Serialized files (Serialized files now loaded: 0)
Unloading 35 unused Assets / (84.8 KB). Loaded Objects now: 4138.
Memory consumption went from 113.3 MB to 113.2 MB.
Total: 2.592958 ms (FindLiveObjects: 0.165791 ms CreateObjectMapping: 0.050959 ms MarkObjects: 2.276416 ms  DeleteObjects: 0.098750 ms)

AssetImportParameters requested are different than current active one (requested -> active):
  custom:video-decoder-ogg-theora: a1e56fd34408186e4bbccfd4996cb3dc -> 
  custom:container-muxer-webm: aa71ff27fc2769a1b78a27578f13a17b -> 
  custom:container-demuxer-webm: 4f35f7cbe854078d1ac9338744f61a02 -> 
  custom:video-encoder-webm-vp8: eb34c28f22e8b96e1ab97ce403110664 -> 
  custom:framework-osx-AVFoundation: e770b220cccbd017edd2c1fefb359320 -> 
  custom:audio-encoder-webm-vorbis: bf7c407c2cedff20999df2af8eb42d56 -> 
  custom:container-demuxer-ogg: 62fdf1f143b41e24485cea50d1cbac27 -> 
  custom:video-decoder-webm-vp8: 9c59270c3fd7afecdb556c50c9e8de78 -> 
  custom:audio-decoder-ogg-vorbis: bf7c407c2cedff20999df2af8eb42d56 -> 
========================================================================
Received Import Request.
  Time since last request: 113383.059087 seconds.
  path: Assets/Models
  artifactKey: Guid(3f8baf97c54664862898ab97b0d7fdc8) Importer(815301076,1909f56bfc062723c751e8b465ee728b)
Start importing Assets/Models using Guid(3f8baf97c54664862898ab97b0d7fdc8) Importer(815301076,1909f56bfc062723c751e8b465ee728b)  -> (artifact id: '4161621435731d17537870ef0414d57e') in 0.005178 seconds 
========================================================================
Received Import Request.
  Time since last request: 4.659448 seconds.
  path: Assets/Models/urdf
  artifactKey: Guid(09614abaf8c1648969b8e8172a698eaf) Importer(815301076,1909f56bfc062723c751e8b465ee728b)
Start importing Assets/Models/urdf using Guid(09614abaf8c1648969b8e8172a698eaf) Importer(815301076,1909f56bfc062723c751e8b465ee728b)  -> (artifact id: '79e804c2d6a98faa71bf34412a256de3') in 0.001177 seconds 
========================================================================
Received Import Request.
  Time since last request: 3.211185 seconds.
  path: Assets/Models/urdf/Assembly.SLDASM.csv
  artifactKey: Guid(d43962b15bcfe44b8992e00591e2c199) Importer(815301076,1909f56bfc062723c751e8b465ee728b)
Start importing Assets/Models/urdf/Assembly.SLDASM.csv using Guid(d43962b15bcfe44b8992e00591e2c199) Importer(815301076,1909f56bfc062723c751e8b465ee728b)  -> (artifact id: 'b239e70ceedb3374757badd1c4f9ba91') in 1.193656 seconds 
========================================================================
Received Import Request.
  Time since last request: 9.167264 seconds.
  path: Assets/Models/urdf/Assembly.SLDASM.urdf
  artifactKey: Guid(b6b5f4e61e5cf415ab1f6875a1590895) Importer(815301076,1909f56bfc062723c751e8b465ee728b)
Start importing Assets/Models/urdf/Assembly.SLDASM.urdf using Guid(b6b5f4e61e5cf415ab1f6875a1590895) Importer(815301076,1909f56bfc062723c751e8b465ee728b)  -> (artifact id: '5c93972b91390f0fecbedd6da4e237f2') in 0.029090 seconds 
========================================================================
Received Import Request.
  Time since last request: 27.258072 seconds.
  path: Assets/Models/urdf/Materials
  artifactKey: Guid(56690fc1f34344a1a95ed3b0e967e6eb) Importer(815301076,1909f56bfc062723c751e8b465ee728b)
Start importing Assets/Models/urdf/Materials using Guid(56690fc1f34344a1a95ed3b0e967e6eb) Importer(815301076,1909f56bfc062723c751e8b465ee728b)  -> (artifact id: '308a2fef8c4d33640e0cc751244fa7b1') in 0.001437 seconds 
========================================================================
Received Import Request.
  Time since last request: 0.458752 seconds.
  path: Assets/Models/urdf/meshes
  artifactKey: Guid(9bf5fc62503e746c0b6c602ef2fca1de) Importer(815301076,1909f56bfc062723c751e8b465ee728b)
Start importing Assets/Models/urdf/meshes using Guid(9bf5fc62503e746c0b6c602ef2fca1de) Importer(815301076,1909f56bfc062723c751e8b465ee728b)  -> (artifact id: '3bca63a0c8343b072304fd8c48f9c160') in 0.000987 seconds 
========================================================================
Received Import Request.
  Time since last request: 25.097687 seconds.
  path: Assets/Models/urdf/meshes/base_link.STL
  artifactKey: Guid(74518c4864496446c8267b80672ce3e7) Importer(815301076,1909f56bfc062723c751e8b465ee728b)
Start importing Assets/Models/urdf/meshes/base_link.STL using Guid(74518c4864496446c8267b80672ce3e7) Importer(815301076,1909f56bfc062723c751e8b465ee728b)  -> (artifact id: '94114e2e95a5b1ba8e1e9cfd7e3dd0d4') in 0.053883 seconds 
========================================================================
Received Import Request.
  Time since last request: 74.042813 seconds.
  path: Assets/Models/urdf/Assembly.SLDASM
  artifactKey: Guid(93205b81cb57844978a6bf92eed69e2c) Importer(815301076,1909f56bfc062723c751e8b465ee728b)
Start importing Assets/Models/urdf/Assembly.SLDASM using Guid(93205b81cb57844978a6bf92eed69e2c) Importer(815301076,1909f56bfc062723c751e8b465ee728b)  -> (artifact id: '97998b39cc073f96a767ad532a18f7f4') in 0.000847 seconds 
========================================================================
Received Prepare
Registering precompiled user dll's ...
Registered in 0.002032 seconds.
Begin MonoManager ReloadAssembly
Thread 0x2855c7000 may have been prematurely finalized
Symbol file LoadedFromMemory doesn't match image /Users/dannytj/Documents/robotSimulator/DigitalTwins/Library/PackageCache/com.unity.visualscripting@1.7.8/Editor/VisualScripting.Core/Dependencies/YamlDotNet/Unity.VisualScripting.YamlDotNet.dll
Symbol file LoadedFromMemory doesn't match image /Users/dannytj/Documents/robotSimulator/DigitalTwins/Library/PackageCache/com.unity.visualscripting@1.7.8/Editor/VisualScripting.Core/Dependencies/DotNetZip/Unity.VisualScripting.IonicZip.dll
Native extension for OSXStandalone target not found
Refreshing native plugins compatible for Editor in 0.54 ms, found 3 plugins.
Preloading 0 native plugins for Editor in 0.00 ms.
Mono: successfully reloaded assembly
- Completed reload, in  0.615 seconds
Domain Reload Profiling:
	ReloadAssembly (616ms)
		BeginReloadAssembly (96ms)
			ExecutionOrderSort (0ms)
			DisableScriptedObjects (3ms)
			BackupInstance (0ms)
			ReleaseScriptingObjects (0ms)
			CreateAndSetChildDomain (39ms)
		EndReloadAssembly (463ms)
			LoadAssemblies (40ms)
			RebuildTransferFunctionScriptingTraits (0ms)
			SetupTypeCache (177ms)
			ReleaseScriptCaches (1ms)
			RebuildScriptCaches (31ms)
			SetupLoadedEditorAssemblies (191ms)
				LogAssemblyErrors (0ms)
				InitializePlatformSupportModulesInManaged (5ms)
				SetLoadedEditorAssemblies (0ms)
				RefreshPlugins (1ms)
				BeforeProcessingInitializeOnLoad (43ms)
				ProcessInitializeOnLoadAttributes (117ms)
				ProcessInitializeOnLoadMethodAttributes (24ms)
				AfterProcessingInitializeOnLoad (1ms)
				EditorAssembliesLoaded (0ms)
			ExecutionOrderSort2 (0ms)
			AwakeInstancesAfterBackupRestoration (2ms)
Platform modules already initialized, skipping
Refreshing native plugins compatible for Editor in 2.02 ms, found 3 plugins.
Preloading 0 native plugins for Editor in 0.00 ms.
Unloading 3684 Unused Serialized files (Serialized files now loaded: 0)
Unloading 28 unused Assets / (64.4 KB). Loaded Objects now: 4142.
Memory consumption went from 354.2 MB to 354.1 MB.
Total: 2.448291 ms (FindLiveObjects: 0.129292 ms CreateObjectMapping: 0.044875 ms MarkObjects: 2.214833 ms  DeleteObjects: 0.058625 ms)

AssetImportParameters requested are different than current active one (requested -> active):
  custom:video-decoder-ogg-theora: a1e56fd34408186e4bbccfd4996cb3dc -> 
  custom:container-muxer-webm: aa71ff27fc2769a1b78a27578f13a17b -> 
  custom:container-demuxer-webm: 4f35f7cbe854078d1ac9338744f61a02 -> 
  custom:video-encoder-webm-vp8: eb34c28f22e8b96e1ab97ce403110664 -> 
  custom:framework-osx-AVFoundation: e770b220cccbd017edd2c1fefb359320 -> 
  custom:audio-encoder-webm-vorbis: bf7c407c2cedff20999df2af8eb42d56 -> 
  custom:container-demuxer-ogg: 62fdf1f143b41e24485cea50d1cbac27 -> 
  custom:video-decoder-webm-vp8: 9c59270c3fd7afecdb556c50c9e8de78 -> 
  custom:audio-decoder-ogg-vorbis: bf7c407c2cedff20999df2af8eb42d56 -> 
