Unity Editor version:    2021.3.13f1 (9e7d58001ecf)
Branch:                  2021.3/staging
Build type:              Release
Batch mode:              YES
macOS version:           Version 13.0.1 (Build 22A400)
Darwin version:          22.1.0
Architecture:            arm64
Running under Rosetta:   NO
Available memory:        8192 MB
Using pre-set license
Pro License: YES

COMMAND LINE ARGUMENTS:
/Applications/Unity/Hub/Editor/2021.3.13f1/Unity.app/Contents/MacOS/Unity
-adb2
-batchMode
-noUpm
-name
AssetImportWorker0
-projectPath
/Users/dannytj/Documents/robotSimulator/DigitalTwins
-logFile
Logs/AssetImportWorker0.log
-srvPort
62721
Successfully changed project path to: /Users/dannytj/Documents/robotSimulator/DigitalTwins
/Users/dannytj/Documents/robotSimulator/DigitalTwins
[UnityMemory] Configuration Parameters - Can be set up in boot.config
    "memorysetup-bucket-allocator-granularity=16"
    "memorysetup-bucket-allocator-bucket-count=8"
    "memorysetup-bucket-allocator-block-size=33554432"
    "memorysetup-bucket-allocator-block-count=8"
    "memorysetup-main-allocator-block-size=16777216"
    "memorysetup-thread-allocator-block-size=16777216"
    "memorysetup-gfx-main-allocator-block-size=16777216"
    "memorysetup-gfx-thread-allocator-block-size=16777216"
    "memorysetup-cache-allocator-block-size=4194304"
    "memorysetup-typetree-allocator-block-size=2097152"
    "memorysetup-profiler-bucket-allocator-granularity=16"
    "memorysetup-profiler-bucket-allocator-bucket-count=8"
    "memorysetup-profiler-bucket-allocator-block-size=33554432"
    "memorysetup-profiler-bucket-allocator-block-count=8"
    "memorysetup-profiler-allocator-block-size=16777216"
    "memorysetup-profiler-editor-allocator-block-size=1048576"
    "memorysetup-temp-allocator-size-main=16777216"
    "memorysetup-job-temp-allocator-block-size=2097152"
    "memorysetup-job-temp-allocator-block-size-background=1048576"
    "memorysetup-job-temp-allocator-reduction-small-platforms=262144"
    "memorysetup-temp-allocator-size-background-worker=32768"
    "memorysetup-temp-allocator-size-job-worker=262144"
    "memorysetup-temp-allocator-size-preload-manager=33554432"
    "memorysetup-temp-allocator-size-nav-mesh-worker=65536"
    "memorysetup-temp-allocator-size-audio-worker=65536"
    "memorysetup-temp-allocator-size-cloud-worker=32768"
    "memorysetup-temp-allocator-size-gi-baking-worker=262144"
    "memorysetup-temp-allocator-size-gfx=262144"
Refreshing native plugins compatible for Editor in 71.60 ms, found 3 plugins.
Preloading 0 native plugins for Editor in 0.00 ms.
Initialize engine version: 2021.3.13f1 (9e7d58001ecf)
[Subsystems] Discovering subsystems at path /Applications/Unity/Hub/Editor/2021.3.13f1/Unity.app/Contents/Resources/UnitySubsystems
[Subsystems] Discovering subsystems at path /Users/dannytj/Documents/robotSimulator/DigitalTwins/Assets
GfxDevice: creating device client; threaded=0; jobified=0
 preferred device: Apple M1 (high power)
Metal devices available: 1
0: Apple M1 (high power)
Using device Apple M1 (high power)
Initializing Metal device caps: Apple M1
Initialize mono
Mono path[0] = '/Applications/Unity/Hub/Editor/2021.3.13f1/Unity.app/Contents/Managed'
Mono path[1] = '/Applications/Unity/Hub/Editor/2021.3.13f1/Unity.app/Contents/MonoBleedingEdge/lib/mono/unityjit-macos'
Mono config path = '/Applications/Unity/Hub/Editor/2021.3.13f1/Unity.app/Contents/MonoBleedingEdge/etc'
Using monoOptions --debugger-agent=transport=dt_socket,embedding=1,server=y,suspend=n,address=127.0.0.1:56722
Begin MonoManager ReloadAssembly
Registering precompiled unity dll's ...
Register platform support module: /Applications/Unity/Hub/Editor/2021.3.13f1/Unity.app/Contents/PlaybackEngines/MacStandaloneSupport/UnityEditor.OSXStandalone.Extensions.dll
Registered in 0.001926 seconds.
Native extension for OSXStandalone target not found
Refreshing native plugins compatible for Editor in 73.06 ms, found 3 plugins.
Preloading 0 native plugins for Editor in 0.00 ms.
Mono: successfully reloaded assembly
- Completed reload, in  0.387 seconds
Domain Reload Profiling:
	ReloadAssembly (387ms)
		BeginReloadAssembly (55ms)
			ExecutionOrderSort (0ms)
			DisableScriptedObjects (0ms)
			BackupInstance (0ms)
			ReleaseScriptingObjects (0ms)
			CreateAndSetChildDomain (0ms)
		EndReloadAssembly (273ms)
			LoadAssemblies (55ms)
			RebuildTransferFunctionScriptingTraits (0ms)
			SetupTypeCache (59ms)
			ReleaseScriptCaches (0ms)
			RebuildScriptCaches (18ms)
			SetupLoadedEditorAssemblies (173ms)
				LogAssemblyErrors (0ms)
				InitializePlatformSupportModulesInManaged (3ms)
				SetLoadedEditorAssemblies (0ms)
				RefreshPlugins (73ms)
				BeforeProcessingInitializeOnLoad (1ms)
				ProcessInitializeOnLoadAttributes (74ms)
				ProcessInitializeOnLoadMethodAttributes (21ms)
				AfterProcessingInitializeOnLoad (0ms)
				EditorAssembliesLoaded (0ms)
			ExecutionOrderSort2 (0ms)
			AwakeInstancesAfterBackupRestoration (0ms)
Platform modules already initialized, skipping
Registering precompiled user dll's ...
Registered in 0.006252 seconds.
Begin MonoManager ReloadAssembly
Symbol file LoadedFromMemory doesn't match image /Users/dannytj/Documents/robotSimulator/DigitalTwins/Library/PackageCache/com.unity.visualscripting@1.7.8/Editor/VisualScripting.Core/Dependencies/YamlDotNet/Unity.VisualScripting.YamlDotNet.dll
Symbol file LoadedFromMemory doesn't match image /Users/dannytj/Documents/robotSimulator/DigitalTwins/Library/PackageCache/com.unity.visualscripting@1.7.8/Editor/VisualScripting.Core/Dependencies/DotNetZip/Unity.VisualScripting.IonicZip.dll
Native extension for OSXStandalone target not found
Refreshing native plugins compatible for Editor in 72.78 ms, found 3 plugins.
Preloading 0 native plugins for Editor in 0.00 ms.
Mono: successfully reloaded assembly
- Completed reload, in  0.670 seconds
Domain Reload Profiling:
	ReloadAssembly (670ms)
		BeginReloadAssembly (57ms)
			ExecutionOrderSort (0ms)
			DisableScriptedObjects (3ms)
			BackupInstance (0ms)
			ReleaseScriptingObjects (0ms)
			CreateAndSetChildDomain (11ms)
		EndReloadAssembly (554ms)
			LoadAssemblies (60ms)
			RebuildTransferFunctionScriptingTraits (0ms)
			SetupTypeCache (154ms)
			ReleaseScriptCaches (1ms)
			RebuildScriptCaches (32ms)
			SetupLoadedEditorAssemblies (281ms)
				LogAssemblyErrors (0ms)
				InitializePlatformSupportModulesInManaged (1ms)
				SetLoadedEditorAssemblies (0ms)
				RefreshPlugins (73ms)
				BeforeProcessingInitializeOnLoad (62ms)
				ProcessInitializeOnLoadAttributes (118ms)
				ProcessInitializeOnLoadMethodAttributes (25ms)
				AfterProcessingInitializeOnLoad (1ms)
				EditorAssembliesLoaded (0ms)
			ExecutionOrderSort2 (0ms)
			AwakeInstancesAfterBackupRestoration (3ms)
Platform modules already initialized, skipping
========================================================================
Worker process is ready to serve import requests
Launching external process: /Applications/Unity/Hub/Editor/2021.3.13f1/Unity.app/Contents/Tools/UnityShaderCompiler
Launched and connected shader compiler UnityShaderCompiler after 0.05 seconds
Refreshing native plugins compatible for Editor in 0.44 ms, found 3 plugins.
Preloading 0 native plugins for Editor in 0.00 ms.
Unloading 3689 Unused Serialized files (Serialized files now loaded: 0)
Unloading 35 unused Assets / (85.3 KB). Loaded Objects now: 4138.
Memory consumption went from 112.2 MB to 112.1 MB.
Total: 2.804000 ms (FindLiveObjects: 0.150500 ms CreateObjectMapping: 0.052958 ms MarkObjects: 2.505375 ms  DeleteObjects: 0.094292 ms)

AssetImportParameters requested are different than current active one (requested -> active):
  custom:video-decoder-ogg-theora: a1e56fd34408186e4bbccfd4996cb3dc -> 
  custom:container-muxer-webm: aa71ff27fc2769a1b78a27578f13a17b -> 
  custom:container-demuxer-webm: 4f35f7cbe854078d1ac9338744f61a02 -> 
  custom:video-encoder-webm-vp8: eb34c28f22e8b96e1ab97ce403110664 -> 
  custom:framework-osx-AVFoundation: e770b220cccbd017edd2c1fefb359320 -> 
  custom:audio-encoder-webm-vorbis: bf7c407c2cedff20999df2af8eb42d56 -> 
  custom:container-demuxer-ogg: 62fdf1f143b41e24485cea50d1cbac27 -> 
  custom:video-decoder-webm-vp8: 9c59270c3fd7afecdb556c50c9e8de78 -> 
  custom:audio-decoder-ogg-vorbis: bf7c407c2cedff20999df2af8eb42d56 -> 
========================================================================
Received Import Request.
  Time since last request: 250059.140506 seconds.
  path: Assets/Models/urdf/MechFinger/urdf
  artifactKey: Guid(2ca676c92dded41c5a9209eb01c3c982) Importer(815301076,1909f56bfc062723c751e8b465ee728b)
Start importing Assets/Models/urdf/MechFinger/urdf using Guid(2ca676c92dded41c5a9209eb01c3c982) Importer(815301076,1909f56bfc062723c751e8b465ee728b)  -> (artifact id: '76a68b410632cdeac0cab8606dedf9d0') in 0.005418 seconds 
========================================================================
Received Import Request.
  Time since last request: 1.231442 seconds.
  path: Assets/Models/urdf/MechFinger/urdf/MechFinger.csv
  artifactKey: Guid(c72d25c6ba6d14dd09021574239772b4) Importer(815301076,1909f56bfc062723c751e8b465ee728b)
Start importing Assets/Models/urdf/MechFinger/urdf/MechFinger.csv using Guid(c72d25c6ba6d14dd09021574239772b4) Importer(815301076,1909f56bfc062723c751e8b465ee728b)  -> (artifact id: 'e7b817cb62a6b20976a9be25621c1efc') in 1.172519 seconds 
========================================================================
Received Import Request.
  Time since last request: 4.317213 seconds.
  path: Assets/Models/urdf/MechFinger/urdf/MechFinger.urdf
  artifactKey: Guid(3674a5e1abcc3431eb17f0a98a8757ed) Importer(815301076,1909f56bfc062723c751e8b465ee728b)
Start importing Assets/Models/urdf/MechFinger/urdf/MechFinger.urdf using Guid(3674a5e1abcc3431eb17f0a98a8757ed) Importer(815301076,1909f56bfc062723c751e8b465ee728b)  -> (artifact id: 'fac7aae9d0f593d4eb0b440397cf6984') in 0.051454 seconds 
========================================================================
Received Import Request.
  Time since last request: 19.091892 seconds.
  path: Assets/Models/urdf/MechFinger/meshes
  artifactKey: Guid(ecb977f64ae894cdba1fa03b08b44558) Importer(815301076,1909f56bfc062723c751e8b465ee728b)
Start importing Assets/Models/urdf/MechFinger/meshes using Guid(ecb977f64ae894cdba1fa03b08b44558) Importer(815301076,1909f56bfc062723c751e8b465ee728b)  -> (artifact id: '6f34ff8003e702a0d3f3bb98de73ed26') in 0.001240 seconds 
========================================================================
Received Import Request.
  Time since last request: 1.601622 seconds.
  path: Assets/Models/urdf/MechFinger/meshes/base_link.STL
  artifactKey: Guid(29e1b41c91b544bee9c14a67398c4f62) Importer(815301076,1909f56bfc062723c751e8b465ee728b)
Start importing Assets/Models/urdf/MechFinger/meshes/base_link.STL using Guid(29e1b41c91b544bee9c14a67398c4f62) Importer(815301076,1909f56bfc062723c751e8b465ee728b)  -> (artifact id: 'b3a598bc904cebd67cc4226b4a5539c8') in 0.066439 seconds 
========================================================================
Received Import Request.
  Time since last request: 227.584685 seconds.
  path: Assets/Models/MechFinger/MechFinder
  artifactKey: Guid(9c1f717f7f4c0405dab3705644cf6a7e) Importer(815301076,1909f56bfc062723c751e8b465ee728b)
Start importing Assets/Models/MechFinger/MechFinder using Guid(9c1f717f7f4c0405dab3705644cf6a7e) Importer(815301076,1909f56bfc062723c751e8b465ee728b)  -> (artifact id: 'd65efed2793cf3d41f19447ae5ff678d') in 0.001754 seconds 
========================================================================
Received Prepare
Registering precompiled user dll's ...
Registered in 0.002224 seconds.
Begin MonoManager ReloadAssembly
Thread 0x287147000 may have been prematurely finalized
Symbol file LoadedFromMemory doesn't match image /Users/dannytj/Documents/robotSimulator/DigitalTwins/Library/PackageCache/com.unity.visualscripting@1.7.8/Editor/VisualScripting.Core/Dependencies/YamlDotNet/Unity.VisualScripting.YamlDotNet.dll
Symbol file LoadedFromMemory doesn't match image /Users/dannytj/Documents/robotSimulator/DigitalTwins/Library/PackageCache/com.unity.visualscripting@1.7.8/Editor/VisualScripting.Core/Dependencies/DotNetZip/Unity.VisualScripting.IonicZip.dll
Native extension for OSXStandalone target not found
Refreshing native plugins compatible for Editor in 0.58 ms, found 3 plugins.
Preloading 0 native plugins for Editor in 0.00 ms.
Mono: successfully reloaded assembly
- Completed reload, in  0.629 seconds
Domain Reload Profiling:
	ReloadAssembly (629ms)
		BeginReloadAssembly (100ms)
			ExecutionOrderSort (0ms)
			DisableScriptedObjects (4ms)
			BackupInstance (0ms)
			ReleaseScriptingObjects (0ms)
			CreateAndSetChildDomain (40ms)
		EndReloadAssembly (475ms)
			LoadAssemblies (61ms)
			RebuildTransferFunctionScriptingTraits (0ms)
			SetupTypeCache (170ms)
			ReleaseScriptCaches (1ms)
			RebuildScriptCaches (29ms)
			SetupLoadedEditorAssemblies (194ms)
				LogAssemblyErrors (0ms)
				InitializePlatformSupportModulesInManaged (6ms)
				SetLoadedEditorAssemblies (0ms)
				RefreshPlugins (1ms)
				BeforeProcessingInitializeOnLoad (44ms)
				ProcessInitializeOnLoadAttributes (117ms)
				ProcessInitializeOnLoadMethodAttributes (24ms)
				AfterProcessingInitializeOnLoad (1ms)
				EditorAssembliesLoaded (0ms)
			ExecutionOrderSort2 (0ms)
			AwakeInstancesAfterBackupRestoration (2ms)
Platform modules already initialized, skipping
Refreshing native plugins compatible for Editor in 1.38 ms, found 3 plugins.
Preloading 0 native plugins for Editor in 0.00 ms.
Unloading 3684 Unused Serialized files (Serialized files now loaded: 0)
Unloading 28 unused Assets / (65.9 KB). Loaded Objects now: 4142.
Memory consumption went from 353.1 MB to 353.0 MB.
Total: 2.490209 ms (FindLiveObjects: 0.134750 ms CreateObjectMapping: 0.085500 ms MarkObjects: 2.206792 ms  DeleteObjects: 0.062709 ms)

AssetImportParameters requested are different than current active one (requested -> active):
  custom:video-decoder-ogg-theora: a1e56fd34408186e4bbccfd4996cb3dc -> 
  custom:container-muxer-webm: aa71ff27fc2769a1b78a27578f13a17b -> 
  custom:container-demuxer-webm: 4f35f7cbe854078d1ac9338744f61a02 -> 
  custom:video-encoder-webm-vp8: eb34c28f22e8b96e1ab97ce403110664 -> 
  custom:framework-osx-AVFoundation: e770b220cccbd017edd2c1fefb359320 -> 
  custom:audio-encoder-webm-vorbis: bf7c407c2cedff20999df2af8eb42d56 -> 
  custom:container-demuxer-ogg: 62fdf1f143b41e24485cea50d1cbac27 -> 
  custom:video-decoder-webm-vp8: 9c59270c3fd7afecdb556c50c9e8de78 -> 
  custom:audio-decoder-ogg-vorbis: bf7c407c2cedff20999df2af8eb42d56 -> 
========================================================================
Received Import Request.
  Time since last request: 55.745067 seconds.
  path: Assets/Models/MechFinger/MechFinger
  artifactKey: Guid(9c1f717f7f4c0405dab3705644cf6a7e) Importer(815301076,1909f56bfc062723c751e8b465ee728b)
Start importing Assets/Models/MechFinger/MechFinger using Guid(9c1f717f7f4c0405dab3705644cf6a7e) Importer(815301076,1909f56bfc062723c751e8b465ee728b)  -> (artifact id: 'cf83cbb7daa28a96df7e83f6ace5471d') in 0.006149 seconds 
========================================================================
Received Import Request.
  Time since last request: 1209.410506 seconds.
  path: Assets/Models/MechFinger/MechFinger.urdf
  artifactKey: Guid(3674a5e1abcc3431eb17f0a98a8757ed) Importer(815301076,1909f56bfc062723c751e8b465ee728b)
Start importing Assets/Models/MechFinger/MechFinger.urdf using Guid(3674a5e1abcc3431eb17f0a98a8757ed) Importer(815301076,1909f56bfc062723c751e8b465ee728b)  -> (artifact id: 'd601295a49745fc151fa35cac10a6046') in 0.042604 seconds 
========================================================================
Received Prepare
Registering precompiled user dll's ...
Registered in 0.002154 seconds.
Begin MonoManager ReloadAssembly
Thread 0x17c773000 may have been prematurely finalized
Symbol file LoadedFromMemory doesn't match image /Users/dannytj/Documents/robotSimulator/DigitalTwins/Library/PackageCache/com.unity.visualscripting@1.7.8/Editor/VisualScripting.Core/Dependencies/YamlDotNet/Unity.VisualScripting.YamlDotNet.dll
Symbol file LoadedFromMemory doesn't match image /Users/dannytj/Documents/robotSimulator/DigitalTwins/Library/PackageCache/com.unity.visualscripting@1.7.8/Editor/VisualScripting.Core/Dependencies/DotNetZip/Unity.VisualScripting.IonicZip.dll
Native extension for OSXStandalone target not found
Refreshing native plugins compatible for Editor in 0.64 ms, found 3 plugins.
Preloading 0 native plugins for Editor in 0.00 ms.
Mono: successfully reloaded assembly
- Completed reload, in  0.678 seconds
Domain Reload Profiling:
	ReloadAssembly (679ms)
		BeginReloadAssembly (123ms)
			ExecutionOrderSort (0ms)
			DisableScriptedObjects (6ms)
			BackupInstance (0ms)
			ReleaseScriptingObjects (0ms)
			CreateAndSetChildDomain (49ms)
		EndReloadAssembly (499ms)
			LoadAssemblies (43ms)
			RebuildTransferFunctionScriptingTraits (0ms)
			SetupTypeCache (192ms)
			ReleaseScriptCaches (1ms)
			RebuildScriptCaches (34ms)
			SetupLoadedEditorAssemblies (205ms)
				LogAssemblyErrors (0ms)
				InitializePlatformSupportModulesInManaged (6ms)
				SetLoadedEditorAssemblies (0ms)
				RefreshPlugins (1ms)
				BeforeProcessingInitializeOnLoad (45ms)
				ProcessInitializeOnLoadAttributes (124ms)
				ProcessInitializeOnLoadMethodAttributes (27ms)
				AfterProcessingInitializeOnLoad (1ms)
				EditorAssembliesLoaded (0ms)
			ExecutionOrderSort2 (0ms)
			AwakeInstancesAfterBackupRestoration (3ms)
Platform modules already initialized, skipping
Refreshing native plugins compatible for Editor in 3.13 ms, found 3 plugins.
Preloading 0 native plugins for Editor in 0.00 ms.
Unloading 3684 Unused Serialized files (Serialized files now loaded: 0)
Unloading 28 unused Assets / (65.0 KB). Loaded Objects now: 4145.
Memory consumption went from 357.5 MB to 357.4 MB.
Total: 2.972166 ms (FindLiveObjects: 0.168875 ms CreateObjectMapping: 0.048375 ms MarkObjects: 2.664333 ms  DeleteObjects: 0.089125 ms)

AssetImportParameters requested are different than current active one (requested -> active):
  custom:video-decoder-ogg-theora: a1e56fd34408186e4bbccfd4996cb3dc -> 
  custom:container-muxer-webm: aa71ff27fc2769a1b78a27578f13a17b -> 
  custom:container-demuxer-webm: 4f35f7cbe854078d1ac9338744f61a02 -> 
  custom:video-encoder-webm-vp8: eb34c28f22e8b96e1ab97ce403110664 -> 
  custom:framework-osx-AVFoundation: e770b220cccbd017edd2c1fefb359320 -> 
  custom:audio-encoder-webm-vorbis: bf7c407c2cedff20999df2af8eb42d56 -> 
  custom:container-demuxer-ogg: 62fdf1f143b41e24485cea50d1cbac27 -> 
  custom:video-decoder-webm-vp8: 9c59270c3fd7afecdb556c50c9e8de78 -> 
  custom:audio-decoder-ogg-vorbis: bf7c407c2cedff20999df2af8eb42d56 -> 
========================================================================
Received Import Request.
  Time since last request: 144.853021 seconds.
  path: Packages/com.unity.robotics.urdf-importer/Runtime/VHACD/vhacd.asmdef
  artifactKey: Guid(6a697808d7c80a549b57420070d6c4f3) Importer(815301076,1909f56bfc062723c751e8b465ee728b)
Start importing Packages/com.unity.robotics.urdf-importer/Runtime/VHACD/vhacd.asmdef using Guid(6a697808d7c80a549b57420070d6c4f3) Importer(815301076,1909f56bfc062723c751e8b465ee728b)  -> (artifact id: '54bd7ca481b618f29e2687d8014ede8a') in 0.078631 seconds 
========================================================================
Received Import Request.
  Time since last request: 2.402452 seconds.
  path: Packages/com.unity.robotics.urdf-importer/Runtime/VHACD
  artifactKey: Guid(fe4834ab1a2100847a5ccfadc5774c3e) Importer(815301076,1909f56bfc062723c751e8b465ee728b)
Start importing Packages/com.unity.robotics.urdf-importer/Runtime/VHACD using Guid(fe4834ab1a2100847a5ccfadc5774c3e) Importer(815301076,1909f56bfc062723c751e8b465ee728b)  -> (artifact id: 'e0e2d4b3ff1aba344c81d33eaac582d6') in 0.002129 seconds 
========================================================================
Received Import Request.
  Time since last request: 1.674437 seconds.
  path: Packages/com.unity.robotics.urdf-importer/Runtime/VHACD/VHACD.cs
  artifactKey: Guid(7dd8cf483366b4d98864b7d7c9648e80) Importer(815301076,1909f56bfc062723c751e8b465ee728b)
Start importing Packages/com.unity.robotics.urdf-importer/Runtime/VHACD/VHACD.cs using Guid(7dd8cf483366b4d98864b7d7c9648e80) Importer(815301076,1909f56bfc062723c751e8b465ee728b)  -> (artifact id: '1cb993ff498fb2fb84a252447f46625a') in 0.222361 seconds 
========================================================================
Received Prepare
Registering precompiled user dll's ...
Registered in 0.002190 seconds.
Begin MonoManager ReloadAssembly
Thread 0x17c16f000 may have been prematurely finalized
Symbol file LoadedFromMemory doesn't match image /Users/dannytj/Documents/robotSimulator/DigitalTwins/Library/PackageCache/com.unity.visualscripting@1.7.8/Editor/VisualScripting.Core/Dependencies/YamlDotNet/Unity.VisualScripting.YamlDotNet.dll
Symbol file LoadedFromMemory doesn't match image /Users/dannytj/Documents/robotSimulator/DigitalTwins/Library/PackageCache/com.unity.visualscripting@1.7.8/Editor/VisualScripting.Core/Dependencies/DotNetZip/Unity.VisualScripting.IonicZip.dll
Native extension for OSXStandalone target not found
Refreshing native plugins compatible for Editor in 0.58 ms, found 3 plugins.
Preloading 0 native plugins for Editor in 0.00 ms.
Mono: successfully reloaded assembly
- Completed reload, in  0.665 seconds
Domain Reload Profiling:
	ReloadAssembly (666ms)
		BeginReloadAssembly (125ms)
			ExecutionOrderSort (0ms)
			DisableScriptedObjects (13ms)
			BackupInstance (0ms)
			ReleaseScriptingObjects (0ms)
			CreateAndSetChildDomain (54ms)
		EndReloadAssembly (481ms)
			LoadAssemblies (58ms)
			RebuildTransferFunctionScriptingTraits (0ms)
			SetupTypeCache (169ms)
			ReleaseScriptCaches (6ms)
			RebuildScriptCaches (31ms)
			SetupLoadedEditorAssemblies (198ms)
				LogAssemblyErrors (0ms)
				InitializePlatformSupportModulesInManaged (6ms)
				SetLoadedEditorAssemblies (0ms)
				RefreshPlugins (1ms)
				BeforeProcessingInitializeOnLoad (43ms)
				ProcessInitializeOnLoadAttributes (119ms)
				ProcessInitializeOnLoadMethodAttributes (27ms)
				AfterProcessingInitializeOnLoad (1ms)
				EditorAssembliesLoaded (0ms)
			ExecutionOrderSort2 (0ms)
			AwakeInstancesAfterBackupRestoration (2ms)
Platform modules already initialized, skipping
Refreshing native plugins compatible for Editor in 1.40 ms, found 3 plugins.
Preloading 0 native plugins for Editor in 0.00 ms.
Unloading 3684 Unused Serialized files (Serialized files now loaded: 0)
Unloading 28 unused Assets / (64.9 KB). Loaded Objects now: 4148.
Memory consumption went from 0.51 GB to 0.51 GB.
Total: 2.475667 ms (FindLiveObjects: 0.128750 ms CreateObjectMapping: 0.045042 ms MarkObjects: 2.229208 ms  DeleteObjects: 0.071750 ms)

AssetImportParameters requested are different than current active one (requested -> active):
  custom:video-decoder-ogg-theora: a1e56fd34408186e4bbccfd4996cb3dc -> 
  custom:container-muxer-webm: aa71ff27fc2769a1b78a27578f13a17b -> 
  custom:container-demuxer-webm: 4f35f7cbe854078d1ac9338744f61a02 -> 
  custom:video-encoder-webm-vp8: eb34c28f22e8b96e1ab97ce403110664 -> 
  custom:framework-osx-AVFoundation: e770b220cccbd017edd2c1fefb359320 -> 
  custom:audio-encoder-webm-vorbis: bf7c407c2cedff20999df2af8eb42d56 -> 
  custom:container-demuxer-ogg: 62fdf1f143b41e24485cea50d1cbac27 -> 
  custom:video-decoder-webm-vp8: 9c59270c3fd7afecdb556c50c9e8de78 -> 
  custom:audio-decoder-ogg-vorbis: bf7c407c2cedff20999df2af8eb42d56 -> 
